<?xml version="1.0" encoding="UTF-8"?>
<testsuite xmlns:xsi="http://www.w3.org/2001/XMLSchema-instance" xsi:noNamespaceSchemaLocation="https://maven.apache.org/surefire/maven-surefire-plugin/xsd/surefire-test-report-3.0.xsd" version="3.0" name="com.example.ThingTest" time="0.044" tests="1" errors="0" skipped="0" failures="0">
  <properties>
    <property name="java.specification.version" value="17"/>
    <property name="sun.cpu.isalist" value="amd64"/>
    <property name="sun.jnu.encoding" value="Cp1252"/>
    <property name="java.class.path" value="C:\Users\arpit\Downloads\Tomcat Sample\Tomcat Sample\target\test-classes;C:\Users\arpit\Downloads\Tomcat Sample\Tomcat Sample\target\classes;C:\Users\arpit\.m2\repository\javax\servlet\javax.servlet-api\4.0.1\javax.servlet-api-4.0.1.jar;C:\Users\arpit\.m2\repository\javax\servlet\jsp\javax.servlet.jsp-api\2.3.3\javax.servlet.jsp-api-2.3.3.jar;C:\Users\arpit\.m2\repository\junit\junit\4.12\junit-4.12.jar;C:\Users\arpit\.m2\repository\org\hamcrest\hamcrest-core\1.3\hamcrest-core-1.3.jar;"/>
    <property name="java.vm.vendor" value="Oracle Corporation"/>
    <property name="sun.arch.data.model" value="64"/>
    <property name="user.variant" value=""/>
    <property name="java.vendor.url" value="https://java.oracle.com/"/>
    <property name="user.timezone" value="Asia/Calcutta"/>
    <property name="os.name" value="Windows 11"/>
    <property name="java.vm.specification.version" value="17"/>
    <property name="sun.java.launcher" value="SUN_STANDARD"/>
    <property name="user.country" value="IN"/>
    <property name="sun.boot.library.path" value="C:\Program Files\Java\jdk-17.0.11\bin"/>
    <property name="sun.java.command" value="C:\Users\arpit\AppData\Local\Temp\surefire11309098549337631658\surefirebooter-20240814110603892_3.jar C:\Users\arpit\AppData\Local\Temp\surefire11309098549337631658 2024-08-14T11-06-03_696-jvmRun1 surefire-20240814110603892_1tmp surefire_0-20240814110603892_2tmp"/>
    <property name="jdk.debug" value="release"/>
    <property name="surefire.test.class.path" value="C:\Users\arpit\Downloads\Tomcat Sample\Tomcat Sample\target\test-classes;C:\Users\arpit\Downloads\Tomcat Sample\Tomcat Sample\target\classes;C:\Users\arpit\.m2\repository\javax\servlet\javax.servlet-api\4.0.1\javax.servlet-api-4.0.1.jar;C:\Users\arpit\.m2\repository\javax\servlet\jsp\javax.servlet.jsp-api\2.3.3\javax.servlet.jsp-api-2.3.3.jar;C:\Users\arpit\.m2\repository\junit\junit\4.12\junit-4.12.jar;C:\Users\arpit\.m2\repository\org\hamcrest\hamcrest-core\1.3\hamcrest-core-1.3.jar;"/>
    <property name="sun.cpu.endian" value="little"/>
    <property name="user.home" value="C:\Users\arpit"/>
    <property name="user.language" value="en"/>
    <property name="java.specification.vendor" value="Oracle Corporation"/>
    <property name="java.version.date" value="2024-04-16"/>
    <property name="java.home" value="C:\Program Files\Java\jdk-17.0.11"/>
    <property name="file.separator" value="\"/>
    <property name="basedir" value="C:\Users\arpit\Downloads\Tomcat Sample\Tomcat Sample"/>
    <property name="java.vm.compressedOopsMode" value="Zero based"/>
    <property name="line.separator" value="&#10;"/>
    <property name="java.vm.specification.vendor" value="Oracle Corporation"/>
    <property name="java.specification.name" value="Java Platform API Specification"/>
    <property name="surefire.real.class.path" value="C:\Users\arpit\AppData\Local\Temp\surefire11309098549337631658\surefirebooter-20240814110603892_3.jar"/>
    <property name="user.script" value=""/>
    <property name="sun.management.compiler" value="HotSpot 64-Bit Tiered Compilers"/>
    <property name="java.runtime.version" value="17.0.11+7-LTS-207"/>
    <property name="user.name" value="arpita"/>
    <property name="path.separator" value=";"/>
    <property name="os.version" value="10.0"/>
    <property name="java.runtime.name" value="Java(TM) SE Runtime Environment"/>
    <property name="file.encoding" value="Cp1252"/>
    <property name="java.vm.name" value="Java HotSpot(TM) 64-Bit Server VM"/>
    <property name="localRepository" value="C:\Users\arpit\.m2\repository"/>
    <property name="java.vendor.url.bug" value="https://bugreport.java.com/bugreport/"/>
    <property name="java.io.tmpdir" value="C:\Users\arpit\AppData\Local\Temp\"/>
    <property name="java.version" value="17.0.11"/>
    <property name="user.dir" value="C:\Users\arpit\Downloads\Tomcat Sample\Tomcat Sample"/>
    <property name="os.arch" value="amd64"/>
    <property name="java.vm.specification.name" value="Java Virtual Machine Specification"/>
    <property name="sun.os.patch.level" value=""/>
    <property name="native.encoding" value="Cp1252"/>
    <property name="java.library.path" value="C:\Program Files\Java\jdk-17.0.11\bin;C:\Windows\Sun\Java\bin;C:\Windows\system32;C:\Windows;C:\Windows\system32;C:\Windows;C:\Windows\System32\Wbem;C:\Windows\System32\WindowsPowerShell\v1.0\;C:\Windows\System32\OpenSSH\;C:\Program Files\CMake\bin;C:\Program Files\Git\cmd;C:\Program Files\Microsoft SQL Server\150\Tools\Binn\;C:\Program Files\Git\bin;C:\Program Files\Git\cmd;C:\Program Files\PuTTY\;C:\Users\arpit\Downloads\terraform_1.7.5_windows_amd64;C:\Program Files\Amazon\AWSCLIV2\;C:\Program Files\Java\jdk-17.0.11\bin;C:\Program Files\Common Files\Oracle\Java\javapath_target_1362390;C:\Program Files\maven\apache-maven-3.9.6\bin;C:\Users\arpit\AppData\Local\Packages\PythonSoftwareFoundation.Python.3.11_qbz5n2kfra8p0\LocalCache\local-packages\Python311\Scripts;c:\users\arpit\appdata\roaming\python\python311\site-packages;C:\Program Files\maven\apache-maven-3.9.6\bin;C:\ProgramData\chocolatey\bin;C:\Program Files\nodejs\;C:\Program Files\sonarqube-10.5.1.90531\bin;C:\Program Files\sonarqube-10.5.1.90531\bin\windows-x86-64;C:\Program Files\Java\jdk-17.0.11\bin;C:\Program Files\terraform;;C:\Program Files\Docker\Docker\resources\bin;C:\Users\arpit\AppData\Local\Programs\Python\Launcher\;C:\Users\arpit\AppData\Local\Microsoft\WindowsApps;C:\Program Files\Terraform;C:\Users\arpit\AppData\Local\GitHubDesktop\bin;C:\Users\arpit\AppData\Local\Programs\Microsoft VS Code\bin;%PyCharm Community Edition%;C:\Users\arpit\AppData\Roaming\Python\Python311\Scripts;C:\Users\arpit\AppData\Roaming\npm;."/>
    <property name="java.vm.info" value="mixed mode, sharing"/>
    <property name="java.vendor" value="Oracle Corporation"/>
    <property name="java.vm.version" value="17.0.11+7-LTS-207"/>
    <property name="sun.io.unicode.encoding" value="UnicodeLittle"/>
    <property name="java.class.version" value="61.0"/>
  </properties>
  <testcase name="testN" classname="com.example.ThingTest" time="0.0"/>
</testsuite>